2025-11-30T16:10:59.035-03:00 DEBUG 10221 --- [libraryapi] [restartedMain] o.s.w.f.ServerHttpObservationFilter      : Filter 'webMvcObservationFilter' configured for use
2025-11-30T16:10:59.097-03:00 DEBUG 10221 --- [libraryapi] [restartedMain] o.s.w.s.r.ResourceUrlEncodingFilter      : Filter 'resourceUrlEncodingFilter' configured for use
2025-11-30T16:11:03.860-03:00  WARN 10221 --- [libraryapi] [restartedMain] JpaBaseConfiguration$JpaWebConfiguration : spring.jpa.open-in-view is enabled by default. Therefore, database queries may be performed during view rendering. Explicitly configure spring.jpa.open-in-view to disable this warning
2025-11-30T16:11:05.085-03:00 DEBUG 10221 --- [libraryapi] [restartedMain] s.w.s.m.m.a.RequestMappingHandlerMapping : 28 mappings in 'requestMappingHandlerMapping'
2025-11-30T16:11:05.224-03:00 DEBUG 10221 --- [libraryapi] [restartedMain] o.s.w.s.handler.SimpleUrlHandlerMapping  : Patterns [/login] in 'viewControllerHandlerMapping'
2025-11-30T16:11:05.544-03:00 DEBUG 10221 --- [libraryapi] [restartedMain] o.s.w.s.handler.SimpleUrlHandlerMapping  : Patterns [/swagger-ui*/*swagger-initializer.js, /swagger-ui*/**] in 'resourceHandlerMapping'
2025-11-30T16:11:12.493-03:00  WARN 10221 --- [libraryapi] [restartedMain] o.s.s.c.a.web.builders.WebSecurity       : You are asking Spring Security to ignore Deferred [Mvc [pattern='/v2/api-docs/**'], Ant [pattern='/v2/api-docs/**']]. This is not recommended -- please use permitAll via HttpSecurity#authorizeHttpRequests instead.
2025-11-30T16:11:12.494-03:00  WARN 10221 --- [libraryapi] [restartedMain] o.s.s.c.a.web.builders.WebSecurity       : You are asking Spring Security to ignore Deferred [Mvc [pattern='/v3/api-docs/**'], Ant [pattern='/v3/api-docs/**']]. This is not recommended -- please use permitAll via HttpSecurity#authorizeHttpRequests instead.
2025-11-30T16:11:12.509-03:00  WARN 10221 --- [libraryapi] [restartedMain] o.s.s.c.a.web.builders.WebSecurity       : You are asking Spring Security to ignore Deferred [Mvc [pattern='/swagger-resources/**'], Ant [pattern='/swagger-resources/**']]. This is not recommended -- please use permitAll via HttpSecurity#authorizeHttpRequests instead.
2025-11-30T16:11:12.519-03:00  WARN 10221 --- [libraryapi] [restartedMain] o.s.s.c.a.web.builders.WebSecurity       : You are asking Spring Security to ignore Deferred [Mvc [pattern='/swagger-ui.html/**'], Ant [pattern='/swagger-ui.html/**']]. This is not recommended -- please use permitAll via HttpSecurity#authorizeHttpRequests instead.
2025-11-30T16:11:12.528-03:00  WARN 10221 --- [libraryapi] [restartedMain] o.s.s.c.a.web.builders.WebSecurity       : You are asking Spring Security to ignore Deferred [Mvc [pattern='/swagger-ui/**'], Ant [pattern='/swagger-ui/**']]. This is not recommended -- please use permitAll via HttpSecurity#authorizeHttpRequests instead.
2025-11-30T16:11:12.528-03:00  WARN 10221 --- [libraryapi] [restartedMain] o.s.s.c.a.web.builders.WebSecurity       : You are asking Spring Security to ignore Deferred [Mvc [pattern='/webjars/**'], Ant [pattern='/webjars/**']]. This is not recommended -- please use permitAll via HttpSecurity#authorizeHttpRequests instead.
2025-11-30T16:11:12.529-03:00  WARN 10221 --- [libraryapi] [restartedMain] o.s.s.c.a.web.builders.WebSecurity       : You are asking Spring Security to ignore Deferred [Mvc [pattern='/actuator/**'], Ant [pattern='/actuator/**']]. This is not recommended -- please use permitAll via HttpSecurity#authorizeHttpRequests instead.
2025-11-30T16:11:14.101-03:00 DEBUG 10221 --- [libraryapi] [restartedMain] s.w.s.m.m.a.RequestMappingHandlerAdapter : ControllerAdvice beans: 0 @ModelAttribute, 0 @InitBinder, 1 RequestBodyAdvice, 1 ResponseBodyAdvice
2025-11-30T16:11:14.662-03:00  WARN 10221 --- [libraryapi] [restartedMain] ion$DefaultTemplateResolverConfiguration : Cannot find template location: classpath:/templates/ (please add some templates, check your Thymeleaf configuration, or set spring.thymeleaf.check-template-location=false)
2025-11-30T16:11:15.102-03:00 DEBUG 10221 --- [libraryapi] [restartedMain] .m.m.a.ExceptionHandlerExceptionResolver : ControllerAdvice beans: 2 @ExceptionHandler, 1 ResponseBodyAdvice
2025-11-30T16:11:21.905-03:00 DEBUG 10221 --- [libraryapi] [restartedMain] s.w.s.m.m.a.RequestMappingHandlerMapping : 1 mappings in 'requestMappingHandlerMapping'
2025-11-30T16:11:21.917-03:00 DEBUG 10221 --- [libraryapi] [restartedMain] o.s.w.s.handler.SimpleUrlHandlerMapping  : Patterns [/login] in 'viewControllerHandlerMapping'
2025-11-30T16:11:21.939-03:00 DEBUG 10221 --- [libraryapi] [restartedMain] o.s.w.s.handler.SimpleUrlHandlerMapping  : Patterns [/swagger-ui*/*swagger-initializer.js, /swagger-ui*/**] in 'resourceHandlerMapping'
2025-11-30T16:11:22.007-03:00 DEBUG 10221 --- [libraryapi] [restartedMain] s.w.s.m.m.a.RequestMappingHandlerAdapter : ControllerAdvice beans: 0 @ModelAttribute, 0 @InitBinder, 1 RequestBodyAdvice, 1 ResponseBodyAdvice
2025-11-30T16:11:23.233-03:00  WARN 10221 --- [libraryapi] [restartedMain] o.s.core.events.SpringDocAppInitializer  : SpringDoc /v3/api-docs endpoint is enabled by default. To disable it in production, set the property 'springdoc.api-docs.enabled=false'
2025-11-30T16:11:23.245-03:00  WARN 10221 --- [libraryapi] [restartedMain] o.s.core.events.SpringDocAppInitializer  : SpringDoc /swagger-ui.html endpoint is enabled by default. To disable it in production, set the property 'springdoc.swagger-ui.enabled=false'
2025-11-30T16:13:11.289-03:00  INFO 10221 --- [libraryapi] [http-nio-8080-exec-2] o.s.web.servlet.DispatcherServlet        : Initializing Servlet 'dispatcherServlet'
2025-11-30T16:13:11.291-03:00 DEBUG 10221 --- [libraryapi] [http-nio-8080-exec-2] o.s.web.servlet.DispatcherServlet        : Detected StandardServletMultipartResolver
2025-11-30T16:13:11.291-03:00 DEBUG 10221 --- [libraryapi] [http-nio-8080-exec-2] o.s.web.servlet.DispatcherServlet        : Detected AcceptHeaderLocaleResolver
2025-11-30T16:13:11.292-03:00 DEBUG 10221 --- [libraryapi] [http-nio-8080-exec-2] o.s.web.servlet.DispatcherServlet        : Detected FixedThemeResolver
2025-11-30T16:13:11.297-03:00 DEBUG 10221 --- [libraryapi] [http-nio-8080-exec-2] o.s.web.servlet.DispatcherServlet        : Detected org.springframework.web.servlet.view.DefaultRequestToViewNameTranslator@3b8c5196
2025-11-30T16:13:11.300-03:00 DEBUG 10221 --- [libraryapi] [http-nio-8080-exec-2] o.s.web.servlet.DispatcherServlet        : Detected org.springframework.web.servlet.support.SessionFlashMapManager@7e7fd8c5
2025-11-30T16:13:11.302-03:00 DEBUG 10221 --- [libraryapi] [http-nio-8080-exec-2] o.s.web.servlet.DispatcherServlet        : enableLoggingRequestDetails='false': request parameters and headers will be masked to prevent unsafe logging of potentially sensitive data
2025-11-30T16:13:11.303-03:00  INFO 10221 --- [libraryapi] [http-nio-8080-exec-2] o.s.web.servlet.DispatcherServlet        : Completed initialization in 12 ms
2025-11-30T16:13:21.154-03:00 DEBUG 10221 --- [libraryapi] [http-nio-8080-exec-7] o.s.web.servlet.DispatcherServlet        : GET "/?continue", parameters={masked}
2025-11-30T16:13:21.158-03:00 DEBUG 10221 --- [libraryapi] [http-nio-8080-exec-7] s.w.s.m.m.a.RequestMappingHandlerMapping : Mapped to com.witalo.libraryapi.controllers.LoginViewController#paginaHome(Authentication)
2025-11-30T16:13:21.305-03:00 DEBUG 10221 --- [libraryapi] [http-nio-8080-exec-7] m.m.a.RequestResponseBodyMethodProcessor : Using 'text/html', given [text/html, application/xhtml+xml, image/avif, image/webp, image/apng, application/xml;q=0.9, */*;q=0.8] and supported [text/plain, */*, application/json, application/*+json, application/yaml]
2025-11-30T16:13:21.318-03:00 DEBUG 10221 --- [libraryapi] [http-nio-8080-exec-7] m.m.a.RequestResponseBodyMethodProcessor : Writing ["Olá witalo"]
2025-11-30T16:13:21.358-03:00 DEBUG 10221 --- [libraryapi] [http-nio-8080-exec-7] o.s.web.servlet.DispatcherServlet        : Completed 200 OK
2025-11-30T16:13:22.139-03:00 DEBUG 10221 --- [libraryapi] [http-nio-8080-exec-8] o.s.web.servlet.DispatcherServlet        : GET "/favicon.ico", parameters={}
2025-11-30T16:13:22.145-03:00  WARN 10221 --- [libraryapi] [http-nio-8080-exec-8] o.s.web.servlet.PageNotFound             : No mapping for GET /favicon.ico
2025-11-30T16:13:22.176-03:00  WARN 10221 --- [libraryapi] [http-nio-8080-exec-8] o.s.web.servlet.PageNotFound             : No endpoint GET /favicon.ico.
2025-11-30T16:13:22.196-03:00 DEBUG 10221 --- [libraryapi] [http-nio-8080-exec-8] .w.s.m.s.DefaultHandlerExceptionResolver : Resolved [org.springframework.web.servlet.NoHandlerFoundException: No endpoint GET /favicon.ico.]
2025-11-30T16:13:22.202-03:00 DEBUG 10221 --- [libraryapi] [http-nio-8080-exec-8] o.s.web.servlet.DispatcherServlet        : Completed 404 NOT_FOUND
2025-11-30T16:13:22.302-03:00 DEBUG 10221 --- [libraryapi] [http-nio-8080-exec-8] o.s.web.servlet.DispatcherServlet        : "ERROR" dispatch for GET "/error", parameters={}
2025-11-30T16:13:22.308-03:00 DEBUG 10221 --- [libraryapi] [http-nio-8080-exec-8] s.w.s.m.m.a.RequestMappingHandlerMapping : Mapped to org.springframework.boot.autoconfigure.web.servlet.error.BasicErrorController#error(HttpServletRequest)
2025-11-30T16:13:22.412-03:00 DEBUG 10221 --- [libraryapi] [http-nio-8080-exec-8] o.s.w.s.m.m.a.HttpEntityMethodProcessor  : Using 'application/json;q=0.8', given [image/avif, image/webp, image/apng, image/svg+xml, image/*, */*;q=0.8] and supported [application/json, application/*+json, application/yaml]
2025-11-30T16:13:22.458-03:00 DEBUG 10221 --- [libraryapi] [http-nio-8080-exec-8] o.s.w.s.m.m.a.HttpEntityMethodProcessor  : Writing [{timestamp=Sun Nov 30 16:13:22 GMT-03:00 2025, status=404, error=Not Found, trace=org.springframewor (truncated)...]
2025-11-30T16:13:22.847-03:00 DEBUG 10221 --- [libraryapi] [http-nio-8080-exec-8] o.s.web.servlet.DispatcherServlet        : Exiting from "ERROR" dispatch, status 404
2025-11-30T16:13:29.230-03:00 DEBUG 10221 --- [libraryapi] [http-nio-8080-exec-9] o.s.web.servlet.DispatcherServlet        : GET "/swagger-ui/index.html", parameters={}
2025-11-30T16:13:29.233-03:00 DEBUG 10221 --- [libraryapi] [http-nio-8080-exec-9] o.s.w.s.handler.SimpleUrlHandlerMapping  : Mapped to ResourceHttpRequestHandler [classpath [META-INF/resources/webjars/]]
2025-11-30T16:13:29.263-03:00 DEBUG 10221 --- [libraryapi] [http-nio-8080-exec-9] o.s.web.servlet.DispatcherServlet        : Completed 200 OK
2025-11-30T16:13:29.676-03:00 DEBUG 10221 --- [libraryapi] [http-nio-8080-exec-10] o.s.web.servlet.DispatcherServlet        : GET "/swagger-ui/swagger-ui.css", parameters={}
2025-11-30T16:13:29.686-03:00 DEBUG 10221 --- [libraryapi] [http-nio-8080-exec-10] o.s.w.s.handler.SimpleUrlHandlerMapping  : Mapped to ResourceHttpRequestHandler [classpath [META-INF/resources/webjars/]]
2025-11-30T16:13:29.690-03:00 DEBUG 10221 --- [libraryapi] [http-nio-8080-exec-2] o.s.web.servlet.DispatcherServlet        : GET "/swagger-ui/index.css", parameters={}
2025-11-30T16:13:29.702-03:00 DEBUG 10221 --- [libraryapi] [http-nio-8080-exec-2] o.s.w.s.handler.SimpleUrlHandlerMapping  : Mapped to ResourceHttpRequestHandler [classpath [META-INF/resources/webjars/]]
2025-11-30T16:13:29.726-03:00 DEBUG 10221 --- [libraryapi] [http-nio-8080-exec-2] o.s.web.servlet.DispatcherServlet        : Completed 200 OK
2025-11-30T16:13:29.727-03:00 DEBUG 10221 --- [libraryapi] [http-nio-8080-exec-10] o.s.web.servlet.DispatcherServlet        : Completed 200 OK
2025-11-30T16:13:29.787-03:00 DEBUG 10221 --- [libraryapi] [http-nio-8080-exec-1] o.s.web.servlet.DispatcherServlet        : GET "/swagger-ui/swagger-ui-bundle.js", parameters={}
2025-11-30T16:13:29.789-03:00 DEBUG 10221 --- [libraryapi] [http-nio-8080-exec-3] o.s.web.servlet.DispatcherServlet        : GET "/swagger-ui/swagger-initializer.js", parameters={}
2025-11-30T16:13:29.795-03:00 DEBUG 10221 --- [libraryapi] [http-nio-8080-exec-1] o.s.w.s.handler.SimpleUrlHandlerMapping  : Mapped to ResourceHttpRequestHandler [classpath [META-INF/resources/webjars/]]
2025-11-30T16:13:29.787-03:00 DEBUG 10221 --- [libraryapi] [http-nio-8080-exec-4] o.s.web.servlet.DispatcherServlet        : GET "/swagger-ui/swagger-ui-standalone-preset.js", parameters={}
2025-11-30T16:13:29.804-03:00 DEBUG 10221 --- [libraryapi] [http-nio-8080-exec-3] o.s.w.s.handler.SimpleUrlHandlerMapping  : Mapped to ResourceHttpRequestHandler [classpath [META-INF/resources/webjars/]]
2025-11-30T16:13:29.807-03:00 DEBUG 10221 --- [libraryapi] [http-nio-8080-exec-4] o.s.w.s.handler.SimpleUrlHandlerMapping  : Mapped to ResourceHttpRequestHandler [classpath [META-INF/resources/webjars/]]
2025-11-30T16:13:29.935-03:00 DEBUG 10221 --- [libraryapi] [http-nio-8080-exec-4] o.s.web.servlet.DispatcherServlet        : Completed 200 OK
2025-11-30T16:13:30.040-03:00 DEBUG 10221 --- [libraryapi] [http-nio-8080-exec-1] o.s.web.servlet.DispatcherServlet        : Completed 200 OK
2025-11-30T16:13:30.147-03:00 DEBUG 10221 --- [libraryapi] [http-nio-8080-exec-3] o.s.web.servlet.DispatcherServlet        : Completed 200 OK
2025-11-30T16:13:31.396-03:00 DEBUG 10221 --- [libraryapi] [http-nio-8080-exec-5] o.s.web.servlet.DispatcherServlet        : GET "/v3/api-docs/swagger-config", parameters={}
2025-11-30T16:13:31.400-03:00 DEBUG 10221 --- [libraryapi] [http-nio-8080-exec-5] s.w.s.m.m.a.RequestMappingHandlerMapping : Mapped to org.springdoc.webmvc.ui.SwaggerConfigResource#openapiJson(HttpServletRequest)
2025-11-30T16:13:31.410-03:00 DEBUG 10221 --- [libraryapi] [http-nio-8080-exec-5] m.m.a.RequestResponseBodyMethodProcessor : Using 'application/json', given [*/*] and supported [application/json]
2025-11-30T16:13:31.418-03:00 DEBUG 10221 --- [libraryapi] [http-nio-8080-exec-5] m.m.a.RequestResponseBodyMethodProcessor : Writing [{configUrl=/v3/api-docs/swagger-config, oauth2RedirectUrl=http://localhost:8080/swagger-ui/oauth2-re (truncated)...]
2025-11-30T16:13:31.421-03:00 DEBUG 10221 --- [libraryapi] [http-nio-8080-exec-5] o.s.web.servlet.DispatcherServlet        : Completed 200 OK
2025-11-30T16:13:31.441-03:00 DEBUG 10221 --- [libraryapi] [http-nio-8080-exec-6] o.s.web.servlet.DispatcherServlet        : GET "/swagger-ui/favicon-32x32.png", parameters={}
2025-11-30T16:13:31.447-03:00 DEBUG 10221 --- [libraryapi] [http-nio-8080-exec-6] o.s.w.s.handler.SimpleUrlHandlerMapping  : Mapped to ResourceHttpRequestHandler [classpath [META-INF/resources/webjars/]]
2025-11-30T16:13:31.459-03:00 DEBUG 10221 --- [libraryapi] [http-nio-8080-exec-6] o.s.web.servlet.DispatcherServlet        : Completed 200 OK
2025-11-30T16:13:31.581-03:00 DEBUG 10221 --- [libraryapi] [http-nio-8080-exec-7] o.s.web.servlet.DispatcherServlet        : GET "/v3/api-docs", parameters={}
2025-11-30T16:13:31.584-03:00 DEBUG 10221 --- [libraryapi] [http-nio-8080-exec-7] s.w.s.m.m.a.RequestMappingHandlerMapping : Mapped to org.springdoc.webmvc.api.OpenApiWebMvcResource#openapiJson(HttpServletRequest, String, Locale)
2025-11-30T16:13:39.831-03:00 DEBUG 10221 --- [libraryapi] [http-nio-8080-exec-7] m.m.a.RequestResponseBodyMethodProcessor : Using 'application/json', given [application/json, */*] and supported [application/json]
2025-11-30T16:13:39.846-03:00 DEBUG 10221 --- [libraryapi] [http-nio-8080-exec-7] m.m.a.RequestResponseBodyMethodProcessor : Writing [{123, 34, 111, 112, 101, 110, 97, 112, 105, 34, 58, 34, 51, 46, 49, 46, 48, 34, 44, 34, 105, 110, 10 (truncated)...]
2025-11-30T16:13:39.848-03:00 DEBUG 10221 --- [libraryapi] [http-nio-8080-exec-7] o.s.web.servlet.DispatcherServlet        : Completed 200 OK
